Flow report for Lab6
Wed Apr 09 23:48:55 2025
Quartus II 64-Bit Version 13.0.1 Build 232 06/12/2013 Service Pack 1 SJ Web Edition


---------------------
; Table of Contents ;
---------------------
  1. Legal Notice
  2. Flow Summary
  3. Flow Settings
  4. Flow Non-Default Global Settings
  5. Flow Elapsed Time
  6. Flow OS Summary
  7. Flow Log
  8. Flow Messages
  9. Flow Suppressed Messages



----------------
; Legal Notice ;
----------------
Copyright (C) 1991-2013 Altera Corporation
Your use of Altera Corporation's design tools, logic functions 
and other software and tools, and its AMPP partner logic 
functions, and any output files from any of the foregoing 
(including device programming or simulation files), and any 
associated documentation or information are expressly subject 
to the terms and conditions of the Altera Program License 
Subscription Agreement, Altera MegaCore Function License 
Agreement, or other applicable license agreement, including, 
without limitation, that your use is for the sole purpose of 
programming logic devices manufactured by Altera and sold by 
Altera or its authorized distributors.  Please refer to the 
applicable agreement for further details.



+--------------------------------------------------------------------------------------+
; Flow Summary                                                                         ;
+------------------------------------+-------------------------------------------------+
; Flow Status                        ; Successful - Wed Apr 09 23:48:55 2025           ;
; Quartus II 64-Bit Version          ; 13.0.1 Build 232 06/12/2013 SP 1 SJ Web Edition ;
; Revision Name                      ; Lab6                                            ;
; Top-level Entity Name              ; cpu_test_sim                                    ;
; Family                             ; Cyclone IV E                                    ;
; Device                             ; EP4CE115F29C7                                   ;
; Timing Models                      ; Final                                           ;
; Total logic elements               ; 722 / 114,480 ( < 1 % )                         ;
;     Total combinational functions  ; 721 / 114,480 ( < 1 % )                         ;
;     Dedicated logic registers      ; 169 / 114,480 ( < 1 % )                         ;
; Total registers                    ; 169                                             ;
; Total pins                         ; 209 / 529 ( 40 % )                              ;
; Total virtual pins                 ; 0                                               ;
; Total memory bits                  ; 10,240 / 3,981,312 ( < 1 % )                    ;
; Embedded Multiplier 9-bit elements ; 0 / 532 ( 0 % )                                 ;
; Total PLLs                         ; 0 / 4 ( 0 % )                                   ;
+------------------------------------+-------------------------------------------------+


+-----------------------------------------+
; Flow Settings                           ;
+-------------------+---------------------+
; Option            ; Setting             ;
+-------------------+---------------------+
; Start date & time ; 04/09/2025 23:10:13 ;
; Main task         ; Compilation         ;
; Revision Name     ; Lab6                ;
+-------------------+---------------------+


+--------------------------------------------------------------------------------------------------------------------+
; Flow Non-Default Global Settings                                                                                   ;
+-------------------------------------+------------------------------+---------------+--------------+----------------+
; Assignment Name                     ; Value                        ; Default Value ; Entity Name  ; Section Id     ;
+-------------------------------------+------------------------------+---------------+--------------+----------------+
; COMPILER_SIGNATURE_ID               ; 345052807169.174425461325920 ; --            ; --           ; --             ;
; EDA_GENERATE_FUNCTIONAL_NETLIST     ; On                           ; --            ; --           ; eda_simulation ;
; EDA_OUTPUT_DATA_FORMAT              ; Verilog Hdl                  ; --            ; --           ; eda_simulation ;
; EDA_SIMULATION_TOOL                 ; ModelSim-Altera (Verilog)    ; <None>        ; --           ; --             ;
; EDA_TIME_SCALE                      ; 1 ps                         ; --            ; --           ; eda_simulation ;
; IP_TOOL_NAME                        ; RAM: 1-PORT                  ; --            ; --           ; --             ;
; IP_TOOL_VERSION                     ; 13.0                         ; --            ; --           ; --             ;
; MAX_CORE_JUNCTION_TEMP              ; 85                           ; --            ; --           ; --             ;
; MIN_CORE_JUNCTION_TEMP              ; 0                            ; --            ; --           ; --             ;
; MISC_FILE                           ; system_memory.cmp            ; --            ; --           ; --             ;
; NOMINAL_CORE_SUPPLY_VOLTAGE         ; 1.2V                         ; --            ; --           ; --             ;
; PARTITION_COLOR                     ; 16764057                     ; --            ; cpu_test_sim ; Top            ;
; PARTITION_FITTER_PRESERVATION_LEVEL ; PLACEMENT_AND_ROUTING        ; --            ; cpu_test_sim ; Top            ;
; PARTITION_NETLIST_TYPE              ; SOURCE                       ; --            ; cpu_test_sim ; Top            ;
; PROJECT_OUTPUT_DIRECTORY            ; output_files                 ; --            ; --           ; --             ;
; TOP_LEVEL_ENTITY                    ; cpu_test_sim                 ; Lab6          ; --           ; --             ;
+-------------------------------------+------------------------------+---------------+--------------+----------------+


+-------------------------------------------------------------------------------------------------------------------------------+
; Flow Elapsed Time                                                                                                             ;
+---------------------------+--------------+-------------------------+---------------------+------------------------------------+
; Module Name               ; Elapsed Time ; Average Processors Used ; Peak Virtual Memory ; Total CPU Time (on all processors) ;
+---------------------------+--------------+-------------------------+---------------------+------------------------------------+
; Analysis & Synthesis      ; 00:00:10     ; 1.0                     ; 4661 MB             ; 00:00:10                           ;
; Fitter                    ; 00:00:45     ; 1.0                     ; 5095 MB             ; 00:00:45                           ;
; Assembler                 ; 00:00:06     ; 1.0                     ; 4568 MB             ; 00:00:06                           ;
; TimeQuest Timing Analyzer ; 00:00:06     ; 1.0                     ; 4682 MB             ; 00:00:06                           ;
; EDA Netlist Writer        ; 00:00:01     ; 1.0                     ; 4529 MB             ; 00:00:01                           ;
; EDA Netlist Writer        ; 00:00:01     ; 1.0                     ; 4537 MB             ; 00:00:01                           ;
; EDA Netlist Writer        ; 00:00:01     ; 1.0                     ; 4537 MB             ; 00:00:01                           ;
; Total                     ; 00:01:10     ; --                      ; --                  ; 00:01:10                           ;
+---------------------------+--------------+-------------------------+---------------------+------------------------------------+


+----------------------------------------------------------------------------------------+
; Flow OS Summary                                                                        ;
+---------------------------+------------------+-----------+------------+----------------+
; Module Name               ; Machine Hostname ; OS Name   ; OS Version ; Processor type ;
+---------------------------+------------------+-----------+------------+----------------+
; Analysis & Synthesis      ; LAPTOP-S8M6IP50  ; Windows 7 ; 6.2        ; x86_64         ;
; Fitter                    ; LAPTOP-S8M6IP50  ; Windows 7 ; 6.2        ; x86_64         ;
; Assembler                 ; LAPTOP-S8M6IP50  ; Windows 7 ; 6.2        ; x86_64         ;
; TimeQuest Timing Analyzer ; LAPTOP-S8M6IP50  ; Windows 7 ; 6.2        ; x86_64         ;
; EDA Netlist Writer        ; LAPTOP-S8M6IP50  ; Windows 7 ; 6.2        ; x86_64         ;
; EDA Netlist Writer        ; LAPTOP-S8M6IP50  ; Windows 7 ; 6.2        ; x86_64         ;
; EDA Netlist Writer        ; LAPTOP-S8M6IP50  ; Windows 7 ; 6.2        ; x86_64         ;
+---------------------------+------------------+-----------+------------+----------------+


------------
; Flow Log ;
------------
quartus_map --read_settings_files=on --write_settings_files=off Lab6 -c Lab6
quartus_fit --read_settings_files=off --write_settings_files=off Lab6 -c Lab6
quartus_asm --read_settings_files=off --write_settings_files=off Lab6 -c Lab6
quartus_sta Lab6 -c Lab6
quartus_eda --read_settings_files=off --write_settings_files=off Lab6 -c Lab6
quartus_eda --gen_testbench --check_outputs=on --tool=modelsim_oem --format=verilog Lab6 -c Lab6 --vector_source="C:/Users/hasib/Documents/Coe608 - Labs/Lab6/reset_circuit.vwf" --testbench_file=./simulation/qsim/Lab6.vt
quartus_eda --functional=on --simulation=on --tool=modelsim_oem --format=verilog Lab6 -c Lab6



